<?xml version="1.0" encoding="UTF-8"?>
<!-- Generated by org.testng.reporters.JUnitXMLReporter -->
<testsuite ignored="2" hostname="HJNZL002215" failures="1" tests="1" name="Parallel Tests" time="0.062" errors="0" timestamp="2022-05-25T21:03:52 IST">
  <testcase classname="com.TaxSlayer.testClasses.LoginPageExecution" name="LoginPageExecutionMethod" time="0.008">
    <failure type="java.lang.NullPointerException" message="Cannot invoke &amp;quot;org.openqa.selenium.WebDriver.get(String)&amp;quot; because &amp;quot;com.TaxSlayer.testClasses.LoginPageExecution.driver&amp;quot; is null">
      <![CDATA[java.lang.NullPointerException: Cannot invoke "org.openqa.selenium.WebDriver.get(String)" because "com.TaxSlayer.testClasses.LoginPageExecution.driver" is null
at com.TaxSlayer.testClasses.LoginPageExecution.LoginPageExecutionMethod(LoginPageExecution.java:34)
at java.base/java.util.concurrent.ThreadPoolExecutor.runWorker(ThreadPoolExecutor.java:1130)
at java.base/java.util.concurrent.ThreadPoolExecutor$Worker.run(ThreadPoolExecutor.java:630)
at java.base/java.lang.Thread.run(Thread.java:831)
... Removed 12 stack frames]]>
    </failure>
  </testcase> <!-- LoginPageExecutionMethod -->
  <testcase classname="com.TaxSlayer.testClasses.UserConsoleExecution" name="UserConsoleExecutionMethod" time="0.0">
    <ignored/>
  </testcase> <!-- UserConsoleExecutionMethod -->
  <testcase classname="com.TaxSlayer.testClasses.MessageCenterExecution" name="MobileAppSettingsExecutionMethod" time="0.0">
    <ignored/>
  </testcase> <!-- MobileAppSettingsExecutionMethod -->
</testsuite> <!-- Parallel Tests -->
